<?xml version="1.0" encoding="UTF-8" ?>
<testsuite tests="3" failures="0" name="org.jfree.chart.needle.MiddlePinNeedleTest" time="0.001" errors="0" skipped="0">
  <properties>
[...]
</properties>
  <testcase classname="org.jfree.chart.needle.MiddlePinNeedleTest" name="testSerialization" time="0"/>
  <testcase classname="org.jfree.chart.needle.MiddlePinNeedleTest" name="testCloning" time="0"/>
  <testcase classname="org.jfree.chart.needle.MiddlePinNeedleTest" name="testEquals" time="0"/>
</testsuite>