<?xml version="1.0" encoding="UTF-8" ?>
<testsuite tests="12" failures="1" name="org.jfree.data.time.TimeSeriesCollectionTest" time="0.001" errors="0" skipped="0">
  <properties>
[...]
</properties>
  <testcase classname="org.jfree.data.time.TimeSeriesCollectionTest" name="testSerialization" time="0"/>
  <testcase classname="org.jfree.data.time.TimeSeriesCollectionTest" name="testGetSurroundingItems" time="0"/>
  <testcase classname="org.jfree.data.time.TimeSeriesCollectionTest" name="testBug3445507" time="0"/>
  <testcase classname="org.jfree.data.time.TimeSeriesCollectionTest" name="testRemoveSeries_int" time="0"/>
  <testcase classname="org.jfree.data.time.TimeSeriesCollectionTest" name="test1170825" time="0"/>
  <testcase classname="org.jfree.data.time.TimeSeriesCollectionTest" name="testRemoveSeries" time="0"/>
  <testcase classname="org.jfree.data.time.TimeSeriesCollectionTest" name="testCloning" time="0"/>
  <testcase classname="org.jfree.data.time.TimeSeriesCollectionTest" name="testGetRangeBounds2" time="0.001"/>
  <testcase classname="org.jfree.data.time.TimeSeriesCollectionTest" name="testGetRangeBounds" time="0"/>
  <testcase classname="org.jfree.data.time.TimeSeriesCollectionTest" name="testFindDomainBounds" time="0">
    <failure message="expected:&lt;1.199142E12&gt; but was:&lt;1.1991168E12&gt;" type="java.lang.AssertionError">java.lang.AssertionError: expected:&lt;1.199142E12&gt; but was:&lt;1.1991168E12&gt;
	at org.junit.Assert.fail(Assert.java:88)
	at org.junit.Assert.failNotEquals(Assert.java:743)
	at org.junit.Assert.assertEquals(Assert.java:494)
	at org.junit.Assert.assertEquals(Assert.java:592)
	at org.jfree.data.time.TimeSeriesCollectionTest.testFindDomainBounds(TimeSeriesCollectionTest.java:330)
	at java.base/jdk.internal.reflect.DirectMethodHandleAccessor.invoke(DirectMethodHandleAccessor.java:103)
	at java.base/java.lang.reflect.Method.invoke(Method.java:580)
	at org.junit.runners.model.FrameworkMethod$1.runReflectiveCall(FrameworkMethod.java:47)
	at org.junit.internal.runners.model.ReflectiveCallable.run(ReflectiveCallable.java:12)
	at org.junit.runners.model.FrameworkMethod.invokeExplosively(FrameworkMethod.java:44)
	at org.junit.internal.runners.statements.InvokeMethod.evaluate(InvokeMethod.java:17)
	at org.junit.runners.ParentRunner.runLeaf(ParentRunner.java:271)
	at org.junit.runners.BlockJUnit4ClassRunner.runChild(BlockJUnit4ClassRunner.java:70)
	at org.junit.runners.BlockJUnit4ClassRunner.runChild(BlockJUnit4ClassRunner.java:50)
	at org.junit.runners.ParentRunner$3.run(ParentRunner.java:238)
	at org.junit.runners.ParentRunner$1.schedule(ParentRunner.java:63)
	at org.junit.runners.ParentRunner.runChildren(ParentRunner.java:236)
	at org.junit.runners.ParentRunner.access$000(ParentRunner.java:53)
	at org.junit.runners.ParentRunner$2.evaluate(ParentRunner.java:229)
	at org.junit.runners.ParentRunner.run(ParentRunner.java:309)
	at org.apache.maven.surefire.junit4.JUnit4TestSet.execute(JUnit4TestSet.java:53)
	at org.apache.maven.surefire.junit4.JUnit4Provider.executeTestSet(JUnit4Provider.java:123)
	at org.apache.maven.surefire.junit4.JUnit4Provider.invoke(JUnit4Provider.java:104)
	at java.base/jdk.internal.reflect.DirectMethodHandleAccessor.invoke(DirectMethodHandleAccessor.java:103)
	at java.base/java.lang.reflect.Method.invoke(Method.java:580)
	at org.apache.maven.surefire.util.ReflectionUtils.invokeMethodWithArray(ReflectionUtils.java:164)
	at org.apache.maven.surefire.booter.ProviderFactory$ProviderProxy.invoke(ProviderFactory.java:110)
	at org.apache.maven.surefire.booter.SurefireStarter.invokeProvider(SurefireStarter.java:175)
	at org.apache.maven.surefire.booter.SurefireStarter.runSuitesInProcessWhenForked(SurefireStarter.java:107)
	at org.apache.maven.surefire.booter.ForkedBooter.main(ForkedBooter.java:68)
</failure>
  </testcase>
  <testcase classname="org.jfree.data.time.TimeSeriesCollectionTest" name="testEquals" time="0"/>
  <testcase classname="org.jfree.data.time.TimeSeriesCollectionTest" name="testIndexOf" time="0"/>
</testsuite>